<?xml version="1.0" encoding="UTF-8"?>
<!-- Generated by org.testng.reporters.JUnitXMLReporter -->
<testsuite ignored="4" hostname="PAVANKUMAR" failures="0" tests="1" name="Test" time="21.967" errors="0" timestamp="2022-11-15T09:02:07 IST">
  <testcase classname="vTiger.ContactsTests.CreateContactWithOrganization" name="createContactWithOrgTEst" time="13.801"/>
  <testcase classname="vTiger.GenericLibrary.BaseClass" name="@BeforeSuite bsConfig" time="0.0">
    <ignored/>
  </testcase> <!-- @BeforeSuite bsConfig -->
  <testcase classname="vTiger.ContactsTests.CreateContactWithOrganization" name="demoRegionalRegression" time="0.0">
    <ignored/>
  </testcase> <!-- demoRegionalRegression -->
  <testcase classname="vTiger.OrganisationTests.CreateOrganisationWithIndustry" name="createOrganisationWithIndustry" time="0.0">
    <ignored/>
  </testcase> <!-- createOrganisationWithIndustry -->
  <testcase classname="vTiger.GenericLibrary.BaseClass" name="@AfterSuite asConfig" time="0.0">
    <ignored/>
  </testcase> <!-- @AfterSuite asConfig -->
</testsuite> <!-- Test -->
